Dataset ImageFolder
    Number of datapoints: 9764
    Root location: /home/kikuchio/courses/dl/project2/samples/train
    StandardTransform
Transform: Compose(
               Resize(size=(128, 128), interpolation=PIL.Image.BILINEAR)
               RandomHorizontalFlip(p=0.5)
               RandomVerticalFlip(p=0.5)
               ToTensor()
               Normalize(mean=(0.5, 0.5, 0.5), std=(0.5, 0.5, 0.5))
           )
Dataset ImageFolder
    Number of datapoints: 1221
    Root location: /home/kikuchio/courses/dl/project2/samples/validation
    StandardTransform
Transform: Compose(
               Resize(size=(128, 128), interpolation=PIL.Image.BILINEAR)
               RandomHorizontalFlip(p=0.5)
               RandomVerticalFlip(p=0.5)
               ToTensor()
               Normalize(mean=(0.5, 0.5, 0.5), std=(0.5, 0.5, 0.5))
           )
class names:  ['0', '1']
Epoch 0/99
----------
train Loss: 0.4733 Acc: 0.8107
validation Loss: 0.4329 Acc: 0.8165

Epoch 1/99
----------
train Loss: 0.4439 Acc: 0.8179
validation Loss: 0.4641 Acc: 0.8198

Epoch 2/99
----------
train Loss: 0.4309 Acc: 0.8194
validation Loss: 1.9132 Acc: 0.7658

Epoch 3/99
----------
train Loss: 0.4192 Acc: 0.8247
validation Loss: 0.4459 Acc: 0.8247

Epoch 4/99
----------
train Loss: 0.4062 Acc: 0.8277
validation Loss: 0.4066 Acc: 0.8288

Epoch 5/99
----------
train Loss: 0.4050 Acc: 0.8257
validation Loss: 0.5252 Acc: 0.8419

Epoch 6/99
----------
train Loss: 0.3953 Acc: 0.8265
validation Loss: 0.4540 Acc: 0.8346

Epoch 7/99
----------
train Loss: 0.3734 Acc: 0.8350
validation Loss: 0.3491 Acc: 0.8542

Epoch 8/99
----------
train Loss: 0.3640 Acc: 0.8363
validation Loss: 0.3535 Acc: 0.8534

Epoch 9/99
----------
train Loss: 0.3595 Acc: 0.8403
validation Loss: 0.3550 Acc: 0.8526

Epoch 10/99
----------
train Loss: 0.3598 Acc: 0.8373
validation Loss: 0.3442 Acc: 0.8542

Epoch 11/99
----------
train Loss: 0.3554 Acc: 0.8429
validation Loss: 0.3586 Acc: 0.8436

Epoch 12/99
----------
train Loss: 0.3560 Acc: 0.8425
validation Loss: 0.3448 Acc: 0.8485

Epoch 13/99
----------
train Loss: 0.3541 Acc: 0.8427
validation Loss: 0.3660 Acc: 0.8378

Epoch 14/99
----------
train Loss: 0.3493 Acc: 0.8440
validation Loss: 0.3528 Acc: 0.8411

Epoch 15/99
----------
train Loss: 0.3475 Acc: 0.8449
validation Loss: 0.3523 Acc: 0.8485

Epoch 16/99
----------
train Loss: 0.3522 Acc: 0.8438
validation Loss: 0.3648 Acc: 0.8403

Epoch 17/99
----------
train Loss: 0.3503 Acc: 0.8479
validation Loss: 0.3544 Acc: 0.8526

Epoch 18/99
----------
train Loss: 0.3502 Acc: 0.8437
validation Loss: 0.3479 Acc: 0.8436

Epoch 19/99
----------
train Loss: 0.3501 Acc: 0.8457
validation Loss: 0.3521 Acc: 0.8436

Epoch 20/99
----------
train Loss: 0.3487 Acc: 0.8459
validation Loss: 0.3494 Acc: 0.8428

Epoch 21/99
----------
train Loss: 0.3464 Acc: 0.8445
validation Loss: 0.3529 Acc: 0.8468

Epoch 22/99
----------
train Loss: 0.3500 Acc: 0.8431
validation Loss: 0.3801 Acc: 0.8346

Epoch 23/99
----------
train Loss: 0.3501 Acc: 0.8443
validation Loss: 0.3554 Acc: 0.8485

Epoch 24/99
----------
train Loss: 0.3499 Acc: 0.8437
validation Loss: 0.3639 Acc: 0.8452

Epoch 25/99
----------
train Loss: 0.3468 Acc: 0.8470
validation Loss: 0.3620 Acc: 0.8378

Epoch 26/99
----------
train Loss: 0.3476 Acc: 0.8450
validation Loss: 0.3493 Acc: 0.8428

Epoch 27/99
----------
train Loss: 0.3436 Acc: 0.8450
validation Loss: 0.3497 Acc: 0.8419

Epoch 28/99
----------
train Loss: 0.3485 Acc: 0.8422
validation Loss: 0.3589 Acc: 0.8403

Epoch 29/99
----------
train Loss: 0.3474 Acc: 0.8451
validation Loss: 0.3828 Acc: 0.8354

Epoch 30/99
----------
train Loss: 0.3458 Acc: 0.8474
validation Loss: 0.3435 Acc: 0.8550

Epoch 31/99
----------
train Loss: 0.3453 Acc: 0.8442
validation Loss: 0.3662 Acc: 0.8411

Epoch 32/99
----------
train Loss: 0.3478 Acc: 0.8466
validation Loss: 0.3522 Acc: 0.8436

Epoch 33/99
----------
train Loss: 0.3482 Acc: 0.8428
validation Loss: 0.3529 Acc: 0.8485

Epoch 34/99
----------
train Loss: 0.3461 Acc: 0.8469
validation Loss: 0.3689 Acc: 0.8370

Epoch 35/99
----------
train Loss: 0.3519 Acc: 0.8457
validation Loss: 0.3714 Acc: 0.8387

Epoch 36/99
----------
train Loss: 0.3458 Acc: 0.8457
validation Loss: 0.3552 Acc: 0.8411

Epoch 37/99
----------
train Loss: 0.3477 Acc: 0.8446
validation Loss: 0.3777 Acc: 0.8362

Epoch 38/99
----------
train Loss: 0.3438 Acc: 0.8502
validation Loss: 0.3431 Acc: 0.8542

Epoch 39/99
----------
train Loss: 0.3442 Acc: 0.8461
validation Loss: 0.3747 Acc: 0.8362

Epoch 40/99
----------
train Loss: 0.3469 Acc: 0.8432
validation Loss: 0.3365 Acc: 0.8550

Epoch 41/99
----------
train Loss: 0.3468 Acc: 0.8448
validation Loss: 0.3680 Acc: 0.8395

Epoch 42/99
----------
train Loss: 0.3469 Acc: 0.8466
validation Loss: 0.3634 Acc: 0.8419

Epoch 43/99
----------
train Loss: 0.3455 Acc: 0.8445
validation Loss: 0.3598 Acc: 0.8411

Epoch 44/99
----------
train Loss: 0.3506 Acc: 0.8434
validation Loss: 0.3490 Acc: 0.8493

Epoch 45/99
----------
train Loss: 0.3448 Acc: 0.8489
validation Loss: 0.3657 Acc: 0.8411

Epoch 46/99
----------
train Loss: 0.3468 Acc: 0.8444
validation Loss: 0.3490 Acc: 0.8452

Epoch 47/99
----------
train Loss: 0.3463 Acc: 0.8456
validation Loss: 0.3675 Acc: 0.8411

Epoch 48/99
----------
train Loss: 0.3472 Acc: 0.8448
validation Loss: 0.3442 Acc: 0.8468

Epoch 49/99
----------
train Loss: 0.3505 Acc: 0.8430
validation Loss: 0.3603 Acc: 0.8436

Epoch 50/99
----------
train Loss: 0.3504 Acc: 0.8421
validation Loss: 0.3738 Acc: 0.8370

Epoch 51/99
----------
train Loss: 0.3485 Acc: 0.8440
validation Loss: 0.3650 Acc: 0.8387

Epoch 52/99
----------
train Loss: 0.3469 Acc: 0.8490
validation Loss: 0.3480 Acc: 0.8526

Epoch 53/99
----------
train Loss: 0.3460 Acc: 0.8458
validation Loss: 0.3482 Acc: 0.8460

Epoch 54/99
----------
train Loss: 0.3491 Acc: 0.8483
validation Loss: 0.3676 Acc: 0.8387

Epoch 55/99
----------
train Loss: 0.3455 Acc: 0.8483
validation Loss: 0.3515 Acc: 0.8493

Epoch 56/99
----------
train Loss: 0.3467 Acc: 0.8434
validation Loss: 0.3575 Acc: 0.8436

Epoch 57/99
----------
train Loss: 0.3447 Acc: 0.8479
validation Loss: 0.3595 Acc: 0.8378

Epoch 58/99
----------
train Loss: 0.3509 Acc: 0.8449
validation Loss: 0.3512 Acc: 0.8444

Epoch 59/99
----------
train Loss: 0.3465 Acc: 0.8448
validation Loss: 0.3592 Acc: 0.8428

Epoch 60/99
----------
train Loss: 0.3467 Acc: 0.8458
validation Loss: 0.3559 Acc: 0.8378

Epoch 61/99
----------
train Loss: 0.3440 Acc: 0.8463
validation Loss: 0.3484 Acc: 0.8550

Epoch 62/99
----------
train Loss: 0.3476 Acc: 0.8433
validation Loss: 0.3676 Acc: 0.8378

Epoch 63/99
----------
train Loss: 0.3460 Acc: 0.8458
validation Loss: 0.3727 Acc: 0.8337

Epoch 64/99
----------
train Loss: 0.3455 Acc: 0.8452
validation Loss: 0.3637 Acc: 0.8370

Epoch 65/99
----------
train Loss: 0.3450 Acc: 0.8442
validation Loss: 0.3629 Acc: 0.8395

Epoch 66/99
----------
train Loss: 0.3469 Acc: 0.8460
validation Loss: 0.3471 Acc: 0.8501

Epoch 67/99
----------
train Loss: 0.3478 Acc: 0.8447
validation Loss: 0.3721 Acc: 0.8305

Epoch 68/99
----------
train Loss: 0.3476 Acc: 0.8435
validation Loss: 0.3609 Acc: 0.8419

Epoch 69/99
----------
train Loss: 0.3448 Acc: 0.8466
validation Loss: 0.3450 Acc: 0.8509

Epoch 70/99
----------
train Loss: 0.3471 Acc: 0.8440
validation Loss: 0.3558 Acc: 0.8444

Epoch 71/99
----------
train Loss: 0.3465 Acc: 0.8454
validation Loss: 0.3556 Acc: 0.8436

Epoch 72/99
----------
train Loss: 0.3459 Acc: 0.8486
validation Loss: 0.3461 Acc: 0.8509

Epoch 73/99
----------
train Loss: 0.3437 Acc: 0.8493
validation Loss: 0.3494 Acc: 0.8452

Epoch 74/99
----------
train Loss: 0.3468 Acc: 0.8445
validation Loss: 0.3601 Acc: 0.8436

Epoch 75/99
----------
train Loss: 0.3431 Acc: 0.8465
validation Loss: 0.3468 Acc: 0.8485

Epoch 76/99
----------
train Loss: 0.3466 Acc: 0.8455
validation Loss: 0.3520 Acc: 0.8444

Epoch 77/99
----------
train Loss: 0.3455 Acc: 0.8431
validation Loss: 0.3514 Acc: 0.8452

Epoch 78/99
----------
train Loss: 0.3457 Acc: 0.8472
validation Loss: 0.3713 Acc: 0.8346

Epoch 79/99
----------
train Loss: 0.3498 Acc: 0.8440
validation Loss: 0.3661 Acc: 0.8411

Epoch 80/99
----------
train Loss: 0.3446 Acc: 0.8455
validation Loss: 0.3645 Acc: 0.8395

Epoch 81/99
----------
train Loss: 0.3477 Acc: 0.8465
validation Loss: 0.3545 Acc: 0.8378

Epoch 82/99
----------
train Loss: 0.3451 Acc: 0.8487
validation Loss: 0.3652 Acc: 0.8362

Epoch 83/99
----------
train Loss: 0.3507 Acc: 0.8439
validation Loss: 0.3459 Acc: 0.8493

Epoch 84/99
----------
train Loss: 0.3507 Acc: 0.8408
validation Loss: 0.3738 Acc: 0.8444

Epoch 85/99
----------
train Loss: 0.3467 Acc: 0.8480
validation Loss: 0.3696 Acc: 0.8370

Epoch 86/99
----------
train Loss: 0.3496 Acc: 0.8432
validation Loss: 0.3431 Acc: 0.8526

Epoch 87/99
----------
train Loss: 0.3437 Acc: 0.8473
validation Loss: 0.3741 Acc: 0.8354

Epoch 88/99
----------
train Loss: 0.3487 Acc: 0.8447
validation Loss: 0.3722 Acc: 0.8395

Epoch 89/99
----------
train Loss: 0.3446 Acc: 0.8459
validation Loss: 0.3588 Acc: 0.8428

Epoch 90/99
----------
train Loss: 0.3472 Acc: 0.8446
validation Loss: 0.3535 Acc: 0.8468

Epoch 91/99
----------
train Loss: 0.3463 Acc: 0.8479
validation Loss: 0.3595 Acc: 0.8378

Epoch 92/99
----------
train Loss: 0.3504 Acc: 0.8434
validation Loss: 0.3605 Acc: 0.8387

Epoch 93/99
----------
train Loss: 0.3459 Acc: 0.8441
validation Loss: 0.3545 Acc: 0.8509

Epoch 94/99
----------
train Loss: 0.3478 Acc: 0.8483
validation Loss: 0.3573 Acc: 0.8518

Epoch 95/99
----------
train Loss: 0.3473 Acc: 0.8429
validation Loss: 0.3625 Acc: 0.8362

Epoch 96/99
----------
train Loss: 0.3463 Acc: 0.8430
validation Loss: 0.3496 Acc: 0.8534

Epoch 97/99
----------
train Loss: 0.3474 Acc: 0.8465
validation Loss: 0.3486 Acc: 0.8501

Epoch 98/99
----------
train Loss: 0.3462 Acc: 0.8442
validation Loss: 0.3529 Acc: 0.8444

Epoch 99/99
----------
train Loss: 0.3474 Acc: 0.8437
validation Loss: 0.3575 Acc: 0.8452

Training complete in 834m 7s
Best validation Acc: 0.855037
test loss: 0.3735616609612808, test acc: 0.8386568386568387
